<?xml version="1.0" encoding="UTF-8"?>
<testsuite xmlns:xsi="http://www.w3.org/2001/XMLSchema-instance" xsi:noNamespaceSchemaLocation="https://maven.apache.org/surefire/maven-surefire-plugin/xsd/surefire-test-report-3.0.xsd" version="3.0" name="com.test.bank.service.FundSubscriptionServiceImplTest" time="0.085" tests="6" errors="0" skipped="0" failures="0">
  <properties>
[...]
</properties>
  <testcase name="subscribe_rejectsWhenAlreadySubscribed" classname="com.test.bank.service.FundSubscriptionServiceImplTest" time="0.055"/>
  <testcase name="subscribe_rejectsWhenClientMissing" classname="com.test.bank.service.FundSubscriptionServiceImplTest" time="0.004"/>
  <testcase name="subscribe_notifiesWhenPreferenceIsSms" classname="com.test.bank.service.FundSubscriptionServiceImplTest" time="0.003"/>
  <testcase name="subscribe_rejectsWhenInsufficientBalance" classname="com.test.bank.service.FundSubscriptionServiceImplTest" time="0.007"/>
  <testcase name="subscribe_debitsClientSavesSubscriptionRegistersTransactionAndNotifies" classname="com.test.bank.service.FundSubscriptionServiceImplTest" time="0.006"/>
  <testcase name="subscribe_rejectsWhenFundMissing" classname="com.test.bank.service.FundSubscriptionServiceImplTest" time="0.004"/>
</testsuite>